<?xml version="1.0" encoding="UTF-8"?>
<testsuite name="Utils tests" tests="1" skipped="0" failures="0" errors="0" timestamp="2024-03-11T09:50:26" hostname="emre-XPS-15" time="0.003">
  <properties/>
  <testcase name="angleFunctions()" classname="pixelitor.utils.UtilsTest" time="0.003"/>
  <system-out><![CDATA[]]></system-out>
  <system-err><![CDATA[]]></system-err>
</testsuite>
