<?xml version="1.0" encoding="UTF-8"?>
<testsuite name="pixelitor.layers.ImageLayerTest" tests="150" skipped="0" failures="0" errors="0" timestamp="2024-03-11T09:50:28" hostname="emre-XPS-15" time="1.164">
  <properties/>
  <testcase name="getContentBounds[0: mask = NO, transl = NO, sel = NO]" classname="pixelitor.layers.ImageLayerTest" time="0.008"/>
  <testcase name="applyLayerMask[0: mask = NO, transl = NO, sel = NO]" classname="pixelitor.layers.ImageLayerTest" time="0.007"/>
  <testcase name="crop_deletePixels_noGrowing[0: mask = NO, transl = NO, sel = NO]" classname="pixelitor.layers.ImageLayerTest" time="0.009"/>
  <testcase name="tweenCalculatingStarted[0: mask = NO, transl = NO, sel = NO]" classname="pixelitor.layers.ImageLayerTest" time="0.007"/>
  <testcase name="crop_deletePixels_withGrowing[0: mask = NO, transl = NO, sel = NO]" classname="pixelitor.layers.ImageLayerTest" time="0.008"/>
  <testcase name="crop_keepPixels_withGrowingRightDown[0: mask = NO, transl = NO, sel = NO]" classname="pixelitor.layers.ImageLayerTest" time="0.007"/>
  <testcase name="getCanvasSizedSubImage[0: mask = NO, transl = NO, sel = NO]" classname="pixelitor.layers.ImageLayerTest" time="0.008"/>
  <testcase name="tweenCalculatingEnded_Fail[0: mask = NO, transl = NO, sel = NO]" classname="pixelitor.layers.ImageLayerTest" time="0.006"/>
  <testcase name="getSetImage[0: mask = NO, transl = NO, sel = NO]" classname="pixelitor.layers.ImageLayerTest" time="0.005"/>
  <testcase name="filterWithoutDialogFinished[0: mask = NO, transl = NO, sel = NO]" classname="pixelitor.layers.ImageLayerTest" time="0.006"/>
  <testcase name="changeImageForUndoRedo[0: mask = NO, transl = NO, sel = NO]" classname="pixelitor.layers.ImageLayerTest" time="0.006"/>
  <testcase name="enlargeCanvas[0: mask = NO, transl = NO, sel = NO]" classname="pixelitor.layers.ImageLayerTest" time="0.005"/>
  <testcase name="onDialogAccepted[0: mask = NO, transl = NO, sel = NO]" classname="pixelitor.layers.ImageLayerTest" time="0.006"/>
  <testcase name="getSelectedSubImage[0: mask = NO, transl = NO, sel = NO]" classname="pixelitor.layers.ImageLayerTest" time="0.007"/>
  <testcase name="tmpDrawingLayer[0: mask = NO, transl = NO, sel = NO]" classname="pixelitor.layers.ImageLayerTest" time="0.007"/>
  <testcase name="getFilterSourceImage[0: mask = NO, transl = NO, sel = NO]" classname="pixelitor.layers.ImageLayerTest" time="0.006"/>
  <testcase name="tweenCalculatingEnded_OK[0: mask = NO, transl = NO, sel = NO]" classname="pixelitor.layers.ImageLayerTest" time="0.004"/>
  <testcase name="crop_keepPixels_noGrowing[0: mask = NO, transl = NO, sel = NO]" classname="pixelitor.layers.ImageLayerTest" time="0.005"/>
  <testcase name="createCanvasSizedTmpImage[0: mask = NO, transl = NO, sel = NO]" classname="pixelitor.layers.ImageLayerTest" time="0.006"/>
  <testcase name="crop_keepPixels_withGrowingDown[0: mask = NO, transl = NO, sel = NO]" classname="pixelitor.layers.ImageLayerTest" time="0.008"/>
  <testcase name="crop_keepPixels_withGrowingLeft[0: mask = NO, transl = NO, sel = NO]" classname="pixelitor.layers.ImageLayerTest" time="0.006"/>
  <testcase name="createMovementEdit[0: mask = NO, transl = NO, sel = NO]" classname="pixelitor.layers.ImageLayerTest" time="0.005"/>
  <testcase name="duplicate[0: mask = NO, transl = NO, sel = NO]" classname="pixelitor.layers.ImageLayerTest" time="0.006"/>
  <testcase name="changePreviewImage_OK[0: mask = NO, transl = NO, sel = NO]" classname="pixelitor.layers.ImageLayerTest" time="0.005"/>
  <testcase name="getImageForFilterDialogs[0: mask = NO, transl = NO, sel = NO]" classname="pixelitor.layers.ImageLayerTest" time="0.006"/>
  <testcase name="changePreviewImage_Fail[0: mask = NO, transl = NO, sel = NO]" classname="pixelitor.layers.ImageLayerTest" time="0.005"/>
  <testcase name="cropToCanvasSize[0: mask = NO, transl = NO, sel = NO]" classname="pixelitor.layers.ImageLayerTest" time="0.007"/>
  <testcase name="startPreviewing[0: mask = NO, transl = NO, sel = NO]" classname="pixelitor.layers.ImageLayerTest" time="0.007"/>
  <testcase name="onDialogCanceled_OK[0: mask = NO, transl = NO, sel = NO]" classname="pixelitor.layers.ImageLayerTest" time="0.009"/>
  <testcase name="onDialogCanceled_Fail[0: mask = NO, transl = NO, sel = NO]" classname="pixelitor.layers.ImageLayerTest" time="0.007"/>
  <testcase name="getContentBounds[1: mask = YES, transl = NO, sel = NO]" classname="pixelitor.layers.ImageLayerTest" time="0.006"/>
  <testcase name="applyLayerMask[1: mask = YES, transl = NO, sel = NO]" classname="pixelitor.layers.ImageLayerTest" time="0.007"/>
  <testcase name="crop_deletePixels_noGrowing[1: mask = YES, transl = NO, sel = NO]" classname="pixelitor.layers.ImageLayerTest" time="0.005"/>
  <testcase name="tweenCalculatingStarted[1: mask = YES, transl = NO, sel = NO]" classname="pixelitor.layers.ImageLayerTest" time="0.005"/>
  <testcase name="crop_deletePixels_withGrowing[1: mask = YES, transl = NO, sel = NO]" classname="pixelitor.layers.ImageLayerTest" time="0.008"/>
  <testcase name="crop_keepPixels_withGrowingRightDown[1: mask = YES, transl = NO, sel = NO]" classname="pixelitor.layers.ImageLayerTest" time="0.008"/>
  <testcase name="getCanvasSizedSubImage[1: mask = YES, transl = NO, sel = NO]" classname="pixelitor.layers.ImageLayerTest" time="0.008"/>
  <testcase name="tweenCalculatingEnded_Fail[1: mask = YES, transl = NO, sel = NO]" classname="pixelitor.layers.ImageLayerTest" time="0.008"/>
  <testcase name="getSetImage[1: mask = YES, transl = NO, sel = NO]" classname="pixelitor.layers.ImageLayerTest" time="0.008"/>
  <testcase name="filterWithoutDialogFinished[1: mask = YES, transl = NO, sel = NO]" classname="pixelitor.layers.ImageLayerTest" time="0.008"/>
  <testcase name="changeImageForUndoRedo[1: mask = YES, transl = NO, sel = NO]" classname="pixelitor.layers.ImageLayerTest" time="0.009"/>
  <testcase name="enlargeCanvas[1: mask = YES, transl = NO, sel = NO]" classname="pixelitor.layers.ImageLayerTest" time="0.007"/>
  <testcase name="onDialogAccepted[1: mask = YES, transl = NO, sel = NO]" classname="pixelitor.layers.ImageLayerTest" time="0.008"/>
  <testcase name="getSelectedSubImage[1: mask = YES, transl = NO, sel = NO]" classname="pixelitor.layers.ImageLayerTest" time="0.008"/>
  <testcase name="tmpDrawingLayer[1: mask = YES, transl = NO, sel = NO]" classname="pixelitor.layers.ImageLayerTest" time="0.008"/>
  <testcase name="getFilterSourceImage[1: mask = YES, transl = NO, sel = NO]" classname="pixelitor.layers.ImageLayerTest" time="0.007"/>
  <testcase name="tweenCalculatingEnded_OK[1: mask = YES, transl = NO, sel = NO]" classname="pixelitor.layers.ImageLayerTest" time="0.007"/>
  <testcase name="crop_keepPixels_noGrowing[1: mask = YES, transl = NO, sel = NO]" classname="pixelitor.layers.ImageLayerTest" time="0.007"/>
  <testcase name="createCanvasSizedTmpImage[1: mask = YES, transl = NO, sel = NO]" classname="pixelitor.layers.ImageLayerTest" time="0.007"/>
  <testcase name="crop_keepPixels_withGrowingDown[1: mask = YES, transl = NO, sel = NO]" classname="pixelitor.layers.ImageLayerTest" time="0.007"/>
  <testcase name="crop_keepPixels_withGrowingLeft[1: mask = YES, transl = NO, sel = NO]" classname="pixelitor.layers.ImageLayerTest" time="0.007"/>
  <testcase name="createMovementEdit[1: mask = YES, transl = NO, sel = NO]" classname="pixelitor.layers.ImageLayerTest" time="0.007"/>
  <testcase name="duplicate[1: mask = YES, transl = NO, sel = NO]" classname="pixelitor.layers.ImageLayerTest" time="0.007"/>
  <testcase name="changePreviewImage_OK[1: mask = YES, transl = NO, sel = NO]" classname="pixelitor.layers.ImageLayerTest" time="0.007"/>
  <testcase name="getImageForFilterDialogs[1: mask = YES, transl = NO, sel = NO]" classname="pixelitor.layers.ImageLayerTest" time="0.006"/>
  <testcase name="changePreviewImage_Fail[1: mask = YES, transl = NO, sel = NO]" classname="pixelitor.layers.ImageLayerTest" time="0.006"/>
  <testcase name="cropToCanvasSize[1: mask = YES, transl = NO, sel = NO]" classname="pixelitor.layers.ImageLayerTest" time="0.007"/>
  <testcase name="startPreviewing[1: mask = YES, transl = NO, sel = NO]" classname="pixelitor.layers.ImageLayerTest" time="0.007"/>
  <testcase name="onDialogCanceled_OK[1: mask = YES, transl = NO, sel = NO]" classname="pixelitor.layers.ImageLayerTest" time="0.01"/>
  <testcase name="onDialogCanceled_Fail[1: mask = YES, transl = NO, sel = NO]" classname="pixelitor.layers.ImageLayerTest" time="0.007"/>
  <testcase name="getContentBounds[2: mask = NO, transl = YES, sel = NO]" classname="pixelitor.layers.ImageLayerTest" time="0.007"/>
  <testcase name="applyLayerMask[2: mask = NO, transl = YES, sel = NO]" classname="pixelitor.layers.ImageLayerTest" time="0.007"/>
  <testcase name="crop_deletePixels_noGrowing[2: mask = NO, transl = YES, sel = NO]" classname="pixelitor.layers.ImageLayerTest" time="0.007"/>
  <testcase name="tweenCalculatingStarted[2: mask = NO, transl = YES, sel = NO]" classname="pixelitor.layers.ImageLayerTest" time="0.007"/>
  <testcase name="crop_deletePixels_withGrowing[2: mask = NO, transl = YES, sel = NO]" classname="pixelitor.layers.ImageLayerTest" time="0.006"/>
  <testcase name="crop_keepPixels_withGrowingRightDown[2: mask = NO, transl = YES, sel = NO]" classname="pixelitor.layers.ImageLayerTest" time="0.006"/>
  <testcase name="getCanvasSizedSubImage[2: mask = NO, transl = YES, sel = NO]" classname="pixelitor.layers.ImageLayerTest" time="0.006"/>
  <testcase name="tweenCalculatingEnded_Fail[2: mask = NO, transl = YES, sel = NO]" classname="pixelitor.layers.ImageLayerTest" time="0.006"/>
  <testcase name="getSetImage[2: mask = NO, transl = YES, sel = NO]" classname="pixelitor.layers.ImageLayerTest" time="0.007"/>
  <testcase name="filterWithoutDialogFinished[2: mask = NO, transl = YES, sel = NO]" classname="pixelitor.layers.ImageLayerTest" time="0.007"/>
  <testcase name="changeImageForUndoRedo[2: mask = NO, transl = YES, sel = NO]" classname="pixelitor.layers.ImageLayerTest" time="0.006"/>
  <testcase name="enlargeCanvas[2: mask = NO, transl = YES, sel = NO]" classname="pixelitor.layers.ImageLayerTest" time="0.006"/>
  <testcase name="onDialogAccepted[2: mask = NO, transl = YES, sel = NO]" classname="pixelitor.layers.ImageLayerTest" time="0.006"/>
  <testcase name="getSelectedSubImage[2: mask = NO, transl = YES, sel = NO]" classname="pixelitor.layers.ImageLayerTest" time="0.005"/>
  <testcase name="tmpDrawingLayer[2: mask = NO, transl = YES, sel = NO]" classname="pixelitor.layers.ImageLayerTest" time="0.006"/>
  <testcase name="getFilterSourceImage[2: mask = NO, transl = YES, sel = NO]" classname="pixelitor.layers.ImageLayerTest" time="0.006"/>
  <testcase name="tweenCalculatingEnded_OK[2: mask = NO, transl = YES, sel = NO]" classname="pixelitor.layers.ImageLayerTest" time="0.006"/>
  <testcase name="crop_keepPixels_noGrowing[2: mask = NO, transl = YES, sel = NO]" classname="pixelitor.layers.ImageLayerTest" time="0.006"/>
  <testcase name="createCanvasSizedTmpImage[2: mask = NO, transl = YES, sel = NO]" classname="pixelitor.layers.ImageLayerTest" time="0.006"/>
  <testcase name="crop_keepPixels_withGrowingDown[2: mask = NO, transl = YES, sel = NO]" classname="pixelitor.layers.ImageLayerTest" time="0.006"/>
  <testcase name="crop_keepPixels_withGrowingLeft[2: mask = NO, transl = YES, sel = NO]" classname="pixelitor.layers.ImageLayerTest" time="0.006"/>
  <testcase name="createMovementEdit[2: mask = NO, transl = YES, sel = NO]" classname="pixelitor.layers.ImageLayerTest" time="0.006"/>
  <testcase name="duplicate[2: mask = NO, transl = YES, sel = NO]" classname="pixelitor.layers.ImageLayerTest" time="0.006"/>
  <testcase name="changePreviewImage_OK[2: mask = NO, transl = YES, sel = NO]" classname="pixelitor.layers.ImageLayerTest" time="0.006"/>
  <testcase name="getImageForFilterDialogs[2: mask = NO, transl = YES, sel = NO]" classname="pixelitor.layers.ImageLayerTest" time="0.005"/>
  <testcase name="changePreviewImage_Fail[2: mask = NO, transl = YES, sel = NO]" classname="pixelitor.layers.ImageLayerTest" time="0.006"/>
  <testcase name="cropToCanvasSize[2: mask = NO, transl = YES, sel = NO]" classname="pixelitor.layers.ImageLayerTest" time="0.006"/>
  <testcase name="startPreviewing[2: mask = NO, transl = YES, sel = NO]" classname="pixelitor.layers.ImageLayerTest" time="0.006"/>
  <testcase name="onDialogCanceled_OK[2: mask = NO, transl = YES, sel = NO]" classname="pixelitor.layers.ImageLayerTest" time="0.006"/>
  <testcase name="onDialogCanceled_Fail[2: mask = NO, transl = YES, sel = NO]" classname="pixelitor.layers.ImageLayerTest" time="0.005"/>
  <testcase name="getContentBounds[3: mask = YES, transl = YES, sel = NO]" classname="pixelitor.layers.ImageLayerTest" time="0.006"/>
  <testcase name="applyLayerMask[3: mask = YES, transl = YES, sel = NO]" classname="pixelitor.layers.ImageLayerTest" time="0.008"/>
  <testcase name="crop_deletePixels_noGrowing[3: mask = YES, transl = YES, sel = NO]" classname="pixelitor.layers.ImageLayerTest" time="0.008"/>
  <testcase name="tweenCalculatingStarted[3: mask = YES, transl = YES, sel = NO]" classname="pixelitor.layers.ImageLayerTest" time="0.009"/>
  <testcase name="crop_deletePixels_withGrowing[3: mask = YES, transl = YES, sel = NO]" classname="pixelitor.layers.ImageLayerTest" time="0.008"/>
  <testcase name="crop_keepPixels_withGrowingRightDown[3: mask = YES, transl = YES, sel = NO]" classname="pixelitor.layers.ImageLayerTest" time="0.008"/>
  <testcase name="getCanvasSizedSubImage[3: mask = YES, transl = YES, sel = NO]" classname="pixelitor.layers.ImageLayerTest" time="0.011"/>
  <testcase name="tweenCalculatingEnded_Fail[3: mask = YES, transl = YES, sel = NO]" classname="pixelitor.layers.ImageLayerTest" time="0.009"/>
  <testcase name="getSetImage[3: mask = YES, transl = YES, sel = NO]" classname="pixelitor.layers.ImageLayerTest" time="0.008"/>
  <testcase name="filterWithoutDialogFinished[3: mask = YES, transl = YES, sel = NO]" classname="pixelitor.layers.ImageLayerTest" time="0.008"/>
  <testcase name="changeImageForUndoRedo[3: mask = YES, transl = YES, sel = NO]" classname="pixelitor.layers.ImageLayerTest" time="0.008"/>
  <testcase name="enlargeCanvas[3: mask = YES, transl = YES, sel = NO]" classname="pixelitor.layers.ImageLayerTest" time="0.009"/>
  <testcase name="onDialogAccepted[3: mask = YES, transl = YES, sel = NO]" classname="pixelitor.layers.ImageLayerTest" time="0.009"/>
  <testcase name="getSelectedSubImage[3: mask = YES, transl = YES, sel = NO]" classname="pixelitor.layers.ImageLayerTest" time="0.009"/>
  <testcase name="tmpDrawingLayer[3: mask = YES, transl = YES, sel = NO]" classname="pixelitor.layers.ImageLayerTest" time="0.009"/>
  <testcase name="getFilterSourceImage[3: mask = YES, transl = YES, sel = NO]" classname="pixelitor.layers.ImageLayerTest" time="0.009"/>
  <testcase name="tweenCalculatingEnded_OK[3: mask = YES, transl = YES, sel = NO]" classname="pixelitor.layers.ImageLayerTest" time="0.009"/>
  <testcase name="crop_keepPixels_noGrowing[3: mask = YES, transl = YES, sel = NO]" classname="pixelitor.layers.ImageLayerTest" time="0.008"/>
  <testcase name="createCanvasSizedTmpImage[3: mask = YES, transl = YES, sel = NO]" classname="pixelitor.layers.ImageLayerTest" time="0.008"/>
  <testcase name="crop_keepPixels_withGrowingDown[3: mask = YES, transl = YES, sel = NO]" classname="pixelitor.layers.ImageLayerTest" time="0.008"/>
  <testcase name="crop_keepPixels_withGrowingLeft[3: mask = YES, transl = YES, sel = NO]" classname="pixelitor.layers.ImageLayerTest" time="0.007"/>
  <testcase name="createMovementEdit[3: mask = YES, transl = YES, sel = NO]" classname="pixelitor.layers.ImageLayerTest" time="0.008"/>
  <testcase name="duplicate[3: mask = YES, transl = YES, sel = NO]" classname="pixelitor.layers.ImageLayerTest" time="0.008"/>
  <testcase name="changePreviewImage_OK[3: mask = YES, transl = YES, sel = NO]" classname="pixelitor.layers.ImageLayerTest" time="0.009"/>
  <testcase name="getImageForFilterDialogs[3: mask = YES, transl = YES, sel = NO]" classname="pixelitor.layers.ImageLayerTest" time="0.007"/>
  <testcase name="changePreviewImage_Fail[3: mask = YES, transl = YES, sel = NO]" classname="pixelitor.layers.ImageLayerTest" time="0.006"/>
  <testcase name="cropToCanvasSize[3: mask = YES, transl = YES, sel = NO]" classname="pixelitor.layers.ImageLayerTest" time="0.008"/>
  <testcase name="startPreviewing[3: mask = YES, transl = YES, sel = NO]" classname="pixelitor.layers.ImageLayerTest" time="0.007"/>
  <testcase name="onDialogCanceled_OK[3: mask = YES, transl = YES, sel = NO]" classname="pixelitor.layers.ImageLayerTest" time="0.008"/>
  <testcase name="onDialogCanceled_Fail[3: mask = YES, transl = YES, sel = NO]" classname="pixelitor.layers.ImageLayerTest" time="0.007"/>
  <testcase name="getContentBounds[4: mask = NO, transl = NO, sel = YES]" classname="pixelitor.layers.ImageLayerTest" time="0.008"/>
  <testcase name="applyLayerMask[4: mask = NO, transl = NO, sel = YES]" classname="pixelitor.layers.ImageLayerTest" time="0.006"/>
  <testcase name="crop_deletePixels_noGrowing[4: mask = NO, transl = NO, sel = YES]" classname="pixelitor.layers.ImageLayerTest" time="0.006"/>
  <testcase name="tweenCalculatingStarted[4: mask = NO, transl = NO, sel = YES]" classname="pixelitor.layers.ImageLayerTest" time="0.006"/>
  <testcase name="crop_deletePixels_withGrowing[4: mask = NO, transl = NO, sel = YES]" classname="pixelitor.layers.ImageLayerTest" time="0.007"/>
  <testcase name="crop_keepPixels_withGrowingRightDown[4: mask = NO, transl = NO, sel = YES]" classname="pixelitor.layers.ImageLayerTest" time="0.006"/>
  <testcase name="getCanvasSizedSubImage[4: mask = NO, transl = NO, sel = YES]" classname="pixelitor.layers.ImageLayerTest" time="0.006"/>
  <testcase name="tweenCalculatingEnded_Fail[4: mask = NO, transl = NO, sel = YES]" classname="pixelitor.layers.ImageLayerTest" time="0.006"/>
  <testcase name="getSetImage[4: mask = NO, transl = NO, sel = YES]" classname="pixelitor.layers.ImageLayerTest" time="0.005"/>
  <testcase name="filterWithoutDialogFinished[4: mask = NO, transl = NO, sel = YES]" classname="pixelitor.layers.ImageLayerTest" time="0.007"/>
  <testcase name="changeImageForUndoRedo[4: mask = NO, transl = NO, sel = YES]" classname="pixelitor.layers.ImageLayerTest" time="0.005"/>
  <testcase name="enlargeCanvas[4: mask = NO, transl = NO, sel = YES]" classname="pixelitor.layers.ImageLayerTest" time="0.005"/>
  <testcase name="onDialogAccepted[4: mask = NO, transl = NO, sel = YES]" classname="pixelitor.layers.ImageLayerTest" time="0.005"/>
  <testcase name="getSelectedSubImage[4: mask = NO, transl = NO, sel = YES]" classname="pixelitor.layers.ImageLayerTest" time="0.005"/>
  <testcase name="tmpDrawingLayer[4: mask = NO, transl = NO, sel = YES]" classname="pixelitor.layers.ImageLayerTest" time="0.007"/>
  <testcase name="getFilterSourceImage[4: mask = NO, transl = NO, sel = YES]" classname="pixelitor.layers.ImageLayerTest" time="0.006"/>
  <testcase name="tweenCalculatingEnded_OK[4: mask = NO, transl = NO, sel = YES]" classname="pixelitor.layers.ImageLayerTest" time="0.006"/>
  <testcase name="crop_keepPixels_noGrowing[4: mask = NO, transl = NO, sel = YES]" classname="pixelitor.layers.ImageLayerTest" time="0.007"/>
  <testcase name="createCanvasSizedTmpImage[4: mask = NO, transl = NO, sel = YES]" classname="pixelitor.layers.ImageLayerTest" time="0.007"/>
  <testcase name="crop_keepPixels_withGrowingDown[4: mask = NO, transl = NO, sel = YES]" classname="pixelitor.layers.ImageLayerTest" time="0.006"/>
  <testcase name="crop_keepPixels_withGrowingLeft[4: mask = NO, transl = NO, sel = YES]" classname="pixelitor.layers.ImageLayerTest" time="0.006"/>
  <testcase name="createMovementEdit[4: mask = NO, transl = NO, sel = YES]" classname="pixelitor.layers.ImageLayerTest" time="0.006"/>
  <testcase name="duplicate[4: mask = NO, transl = NO, sel = YES]" classname="pixelitor.layers.ImageLayerTest" time="0.01"/>
  <testcase name="changePreviewImage_OK[4: mask = NO, transl = NO, sel = YES]" classname="pixelitor.layers.ImageLayerTest" time="0.006"/>
  <testcase name="getImageForFilterDialogs[4: mask = NO, transl = NO, sel = YES]" classname="pixelitor.layers.ImageLayerTest" time="0.006"/>
  <testcase name="changePreviewImage_Fail[4: mask = NO, transl = NO, sel = YES]" classname="pixelitor.layers.ImageLayerTest" time="0.006"/>
  <testcase name="cropToCanvasSize[4: mask = NO, transl = NO, sel = YES]" classname="pixelitor.layers.ImageLayerTest" time="0.006"/>
  <testcase name="startPreviewing[4: mask = NO, transl = NO, sel = YES]" classname="pixelitor.layers.ImageLayerTest" time="0.006"/>
  <testcase name="onDialogCanceled_OK[4: mask = NO, transl = NO, sel = YES]" classname="pixelitor.layers.ImageLayerTest" time="0.006"/>
  <testcase name="onDialogCanceled_Fail[4: mask = NO, transl = NO, sel = YES]" classname="pixelitor.layers.ImageLayerTest" time="0.006"/>
  <system-out><![CDATA[]]></system-out>
  <system-err><![CDATA[]]></system-err>
</testsuite>
