<?xml version="1.0" encoding="UTF-8"?>
<testsuite name="Shapes tests" tests="6" skipped="0" failures="0" errors="0" timestamp="2024-03-11T09:50:26" hostname="emre-XPS-15" time="0.07">
  <properties/>
  <testcase name="convertEllipse()" classname="pixelitor.utils.ShapesTest" time="0.018"/>
  <testcase name="toPositiveRect_fromRectangle_whenHeightNegative()" classname="pixelitor.utils.ShapesTest" time="0.008"/>
  <testcase name="toPositiveRect_fromRectangle_whenWidthHeightNegative()" classname="pixelitor.utils.ShapesTest" time="0.009"/>
  <testcase name="toPositiveRect_fromRectangle_whenWidthNegative()" classname="pixelitor.utils.ShapesTest" time="0.009"/>
  <testcase name="convertRectangle()" classname="pixelitor.utils.ShapesTest" time="0.013"/>
  <testcase name="toPositiveRect_fromRectangle_whenWidthHeightPositive()" classname="pixelitor.utils.ShapesTest" time="0.007"/>
  <system-out><![CDATA[]]></system-out>
  <system-err><![CDATA[]]></system-err>
</testsuite>
