<?xml version="1.0" encoding="UTF-8"?>
<testsuite name="pixelitor.layers.LayerTest" tests="72" skipped="0" failures="0" errors="0" timestamp="2024-03-11T09:50:29" hostname="emre-XPS-15" time="0.658">
  <properties/>
  <testcase name="changeStackIndex[0: class pixelitor.layers.ImageLayer, mask = NO]" classname="pixelitor.layers.LayerTest" time="0.006"/>
  <testcase name="changingTheBlendingMode[0: class pixelitor.layers.ImageLayer, mask = NO]" classname="pixelitor.layers.LayerTest" time="0.007"/>
  <testcase name="addingAMask[0: class pixelitor.layers.ImageLayer, mask = NO]" classname="pixelitor.layers.LayerTest" time="0.017"/>
  <testcase name="duplicating[0: class pixelitor.layers.ImageLayer, mask = NO]" classname="pixelitor.layers.LayerTest" time="0.007"/>
  <testcase name="renaming[0: class pixelitor.layers.ImageLayer, mask = NO]" classname="pixelitor.layers.LayerTest" time="0.008"/>
  <testcase name="resizing[0: class pixelitor.layers.ImageLayer, mask = NO]" classname="pixelitor.layers.LayerTest" time="0.013"/>
  <testcase name="hidingAndShowing[0: class pixelitor.layers.ImageLayer, mask = NO]" classname="pixelitor.layers.LayerTest" time="0.007"/>
  <testcase name="maskEnablingAndDisabling[0: class pixelitor.layers.ImageLayer, mask = NO]" classname="pixelitor.layers.LayerTest" time="0.006"/>
  <testcase name="deletingTheMask[0: class pixelitor.layers.ImageLayer, mask = NO]" classname="pixelitor.layers.LayerTest" time="0.005"/>
  <testcase name="changingTheOpacity[0: class pixelitor.layers.ImageLayer, mask = NO]" classname="pixelitor.layers.LayerTest" time="0.008"/>
  <testcase name="maskLinking[0: class pixelitor.layers.ImageLayer, mask = NO]" classname="pixelitor.layers.LayerTest" time="0.007"/>
  <testcase name="activating[0: class pixelitor.layers.ImageLayer, mask = NO]" classname="pixelitor.layers.LayerTest" time="0.006"/>
  <testcase name="changeStackIndex[1: class pixelitor.layers.ImageLayer, mask = YES]" classname="pixelitor.layers.LayerTest" time="0.006"/>
  <testcase name="changingTheBlendingMode[1: class pixelitor.layers.ImageLayer, mask = YES]" classname="pixelitor.layers.LayerTest" time="0.008"/>
  <testcase name="addingAMask[1: class pixelitor.layers.ImageLayer, mask = YES]" classname="pixelitor.layers.LayerTest" time="0.008"/>
  <testcase name="duplicating[1: class pixelitor.layers.ImageLayer, mask = YES]" classname="pixelitor.layers.LayerTest" time="0.008"/>
  <testcase name="renaming[1: class pixelitor.layers.ImageLayer, mask = YES]" classname="pixelitor.layers.LayerTest" time="0.008"/>
  <testcase name="resizing[1: class pixelitor.layers.ImageLayer, mask = YES]" classname="pixelitor.layers.LayerTest" time="0.009"/>
  <testcase name="hidingAndShowing[1: class pixelitor.layers.ImageLayer, mask = YES]" classname="pixelitor.layers.LayerTest" time="0.008"/>
  <testcase name="maskEnablingAndDisabling[1: class pixelitor.layers.ImageLayer, mask = YES]" classname="pixelitor.layers.LayerTest" time="0.009"/>
  <testcase name="deletingTheMask[1: class pixelitor.layers.ImageLayer, mask = YES]" classname="pixelitor.layers.LayerTest" time="0.007"/>
  <testcase name="changingTheOpacity[1: class pixelitor.layers.ImageLayer, mask = YES]" classname="pixelitor.layers.LayerTest" time="0.008"/>
  <testcase name="maskLinking[1: class pixelitor.layers.ImageLayer, mask = YES]" classname="pixelitor.layers.LayerTest" time="0.007"/>
  <testcase name="activating[1: class pixelitor.layers.ImageLayer, mask = YES]" classname="pixelitor.layers.LayerTest" time="0.007"/>
  <testcase name="changeStackIndex[2: class pixelitor.layers.TextLayer, mask = NO]" classname="pixelitor.layers.LayerTest" time="0.008"/>
  <testcase name="changingTheBlendingMode[2: class pixelitor.layers.TextLayer, mask = NO]" classname="pixelitor.layers.LayerTest" time="0.007"/>
  <testcase name="addingAMask[2: class pixelitor.layers.TextLayer, mask = NO]" classname="pixelitor.layers.LayerTest" time="0.046"/>
  <testcase name="duplicating[2: class pixelitor.layers.TextLayer, mask = NO]" classname="pixelitor.layers.LayerTest" time="0.006"/>
  <testcase name="renaming[2: class pixelitor.layers.TextLayer, mask = NO]" classname="pixelitor.layers.LayerTest" time="0.007"/>
  <testcase name="resizing[2: class pixelitor.layers.TextLayer, mask = NO]" classname="pixelitor.layers.LayerTest" time="0.006"/>
  <testcase name="hidingAndShowing[2: class pixelitor.layers.TextLayer, mask = NO]" classname="pixelitor.layers.LayerTest" time="0.009"/>
  <testcase name="maskEnablingAndDisabling[2: class pixelitor.layers.TextLayer, mask = NO]" classname="pixelitor.layers.LayerTest" time="0.006"/>
  <testcase name="deletingTheMask[2: class pixelitor.layers.TextLayer, mask = NO]" classname="pixelitor.layers.LayerTest" time="0.007"/>
  <testcase name="changingTheOpacity[2: class pixelitor.layers.TextLayer, mask = NO]" classname="pixelitor.layers.LayerTest" time="0.007"/>
  <testcase name="maskLinking[2: class pixelitor.layers.TextLayer, mask = NO]" classname="pixelitor.layers.LayerTest" time="0.007"/>
  <testcase name="activating[2: class pixelitor.layers.TextLayer, mask = NO]" classname="pixelitor.layers.LayerTest" time="0.007"/>
  <testcase name="changeStackIndex[3: class pixelitor.layers.TextLayer, mask = YES]" classname="pixelitor.layers.LayerTest" time="0.007"/>
  <testcase name="changingTheBlendingMode[3: class pixelitor.layers.TextLayer, mask = YES]" classname="pixelitor.layers.LayerTest" time="0.008"/>
  <testcase name="addingAMask[3: class pixelitor.layers.TextLayer, mask = YES]" classname="pixelitor.layers.LayerTest" time="0.007"/>
  <testcase name="duplicating[3: class pixelitor.layers.TextLayer, mask = YES]" classname="pixelitor.layers.LayerTest" time="0.007"/>
  <testcase name="renaming[3: class pixelitor.layers.TextLayer, mask = YES]" classname="pixelitor.layers.LayerTest" time="0.007"/>
  <testcase name="resizing[3: class pixelitor.layers.TextLayer, mask = YES]" classname="pixelitor.layers.LayerTest" time="0.006"/>
  <testcase name="hidingAndShowing[3: class pixelitor.layers.TextLayer, mask = YES]" classname="pixelitor.layers.LayerTest" time="0.008"/>
  <testcase name="maskEnablingAndDisabling[3: class pixelitor.layers.TextLayer, mask = YES]" classname="pixelitor.layers.LayerTest" time="0.007"/>
  <testcase name="deletingTheMask[3: class pixelitor.layers.TextLayer, mask = YES]" classname="pixelitor.layers.LayerTest" time="0.009"/>
  <testcase name="changingTheOpacity[3: class pixelitor.layers.TextLayer, mask = YES]" classname="pixelitor.layers.LayerTest" time="0.007"/>
  <testcase name="maskLinking[3: class pixelitor.layers.TextLayer, mask = YES]" classname="pixelitor.layers.LayerTest" time="0.007"/>
  <testcase name="activating[3: class pixelitor.layers.TextLayer, mask = YES]" classname="pixelitor.layers.LayerTest" time="0.007"/>
  <testcase name="changeStackIndex[4: class pixelitor.layers.AdjustmentLayer, mask = NO]" classname="pixelitor.layers.LayerTest" time="0.006"/>
  <testcase name="changingTheBlendingMode[4: class pixelitor.layers.AdjustmentLayer, mask = NO]" classname="pixelitor.layers.LayerTest" time="0.008"/>
  <testcase name="addingAMask[4: class pixelitor.layers.AdjustmentLayer, mask = NO]" classname="pixelitor.layers.LayerTest" time="0.016"/>
  <testcase name="duplicating[4: class pixelitor.layers.AdjustmentLayer, mask = NO]" classname="pixelitor.layers.LayerTest" time="0.007"/>
  <testcase name="renaming[4: class pixelitor.layers.AdjustmentLayer, mask = NO]" classname="pixelitor.layers.LayerTest" time="0.007"/>
  <testcase name="resizing[4: class pixelitor.layers.AdjustmentLayer, mask = NO]" classname="pixelitor.layers.LayerTest" time="0.007"/>
  <testcase name="hidingAndShowing[4: class pixelitor.layers.AdjustmentLayer, mask = NO]" classname="pixelitor.layers.LayerTest" time="0.006"/>
  <testcase name="maskEnablingAndDisabling[4: class pixelitor.layers.AdjustmentLayer, mask = NO]" classname="pixelitor.layers.LayerTest" time="0.006"/>
  <testcase name="deletingTheMask[4: class pixelitor.layers.AdjustmentLayer, mask = NO]" classname="pixelitor.layers.LayerTest" time="0.006"/>
  <testcase name="changingTheOpacity[4: class pixelitor.layers.AdjustmentLayer, mask = NO]" classname="pixelitor.layers.LayerTest" time="0.009"/>
  <testcase name="maskLinking[4: class pixelitor.layers.AdjustmentLayer, mask = NO]" classname="pixelitor.layers.LayerTest" time="0.006"/>
  <testcase name="activating[4: class pixelitor.layers.AdjustmentLayer, mask = NO]" classname="pixelitor.layers.LayerTest" time="0.007"/>
  <testcase name="changeStackIndex[5: class pixelitor.layers.AdjustmentLayer, mask = YES]" classname="pixelitor.layers.LayerTest" time="0.008"/>
  <testcase name="changingTheBlendingMode[5: class pixelitor.layers.AdjustmentLayer, mask = YES]" classname="pixelitor.layers.LayerTest" time="0.009"/>
  <testcase name="addingAMask[5: class pixelitor.layers.AdjustmentLayer, mask = YES]" classname="pixelitor.layers.LayerTest" time="0.007"/>
  <testcase name="duplicating[5: class pixelitor.layers.AdjustmentLayer, mask = YES]" classname="pixelitor.layers.LayerTest" time="0.006"/>
  <testcase name="renaming[5: class pixelitor.layers.AdjustmentLayer, mask = YES]" classname="pixelitor.layers.LayerTest" time="0.008"/>
  <testcase name="resizing[5: class pixelitor.layers.AdjustmentLayer, mask = YES]" classname="pixelitor.layers.LayerTest" time="0.008"/>
  <testcase name="hidingAndShowing[5: class pixelitor.layers.AdjustmentLayer, mask = YES]" classname="pixelitor.layers.LayerTest" time="0.008"/>
  <testcase name="maskEnablingAndDisabling[5: class pixelitor.layers.AdjustmentLayer, mask = YES]" classname="pixelitor.layers.LayerTest" time="0.008"/>
  <testcase name="deletingTheMask[5: class pixelitor.layers.AdjustmentLayer, mask = YES]" classname="pixelitor.layers.LayerTest" time="0.007"/>
  <testcase name="changingTheOpacity[5: class pixelitor.layers.AdjustmentLayer, mask = YES]" classname="pixelitor.layers.LayerTest" time="0.009"/>
  <testcase name="maskLinking[5: class pixelitor.layers.AdjustmentLayer, mask = YES]" classname="pixelitor.layers.LayerTest" time="0.008"/>
  <testcase name="activating[5: class pixelitor.layers.AdjustmentLayer, mask = YES]" classname="pixelitor.layers.LayerTest" time="0.009"/>
  <system-out><![CDATA[]]></system-out>
  <system-err><![CDATA[]]></system-err>
</testsuite>
