<?xml version="1.0" encoding="UTF-8"?>
<testsuite name="GuideStyle tests" tests="4" skipped="0" failures="0" errors="0" timestamp="2024-03-11T09:50:25" hostname="emre-XPS-15" time="0.016">
  <properties/>
  <testcase name="strokeType()" classname="pixelitor.guides.GuideStyleTest" time="0.003"/>
  <testcase name="strokeGetters()" classname="pixelitor.guides.GuideStyleTest" time="0.003"/>
  <testcase name="colorA()" classname="pixelitor.guides.GuideStyleTest" time="0.003"/>
  <testcase name="colorB()" classname="pixelitor.guides.GuideStyleTest" time="0.003"/>
  <system-out><![CDATA[]]></system-out>
  <system-err><![CDATA[]]></system-err>
</testsuite>
