<?xml version="1.0" encoding="UTF-8"?>
<testsuite name="pixelitor.tools.AbstractBrushToolTest" tests="4" skipped="0" failures="0" errors="0" timestamp="2024-03-11T09:50:30" hostname="emre-XPS-15" time="0.092">
  <properties/>
  <testcase name="trace[0: Brush Tool]" classname="pixelitor.tools.AbstractBrushToolTest" time="0.045"/>
  <testcase name="trace[1: Eraser Tool]" classname="pixelitor.tools.AbstractBrushToolTest" time="0.01"/>
  <testcase name="trace[2: Clone Stamp Tool]" classname="pixelitor.tools.AbstractBrushToolTest" time="0.021"/>
  <testcase name="trace[3: Smudge Tool]" classname="pixelitor.tools.AbstractBrushToolTest" time="0.013"/>
  <system-out><![CDATA[]]></system-out>
  <system-err><![CDATA[]]></system-err>
</testsuite>
