<?xml version="1.0" encoding="UTF-8"?>
<testsuite name="RangeParam tests" tests="6" skipped="0" failures="0" errors="0" timestamp="2024-03-11T09:50:23" hostname="emre-XPS-15" time="0.046">
  <properties/>
  <testcase name="invalid arguments: min &gt; max" classname="pixelitor.filters.gui.RangeParamTest" time="0.008"/>
  <testcase name="invalid arguments: default &lt; min" classname="pixelitor.filters.gui.RangeParamTest" time="0.007"/>
  <testcase name="invalid arguments: default &gt; max" classname="pixelitor.filters.gui.RangeParamTest" time="0.004"/>
  <testcase name="setValue()" classname="pixelitor.filters.gui.RangeParamTest" time="0.011"/>
  <testcase name="is IGNORE_RANDOMIZE working" classname="pixelitor.filters.gui.RangeParamTest" time="0.003"/>
  <testcase name="invalid arguments: min == max" classname="pixelitor.filters.gui.RangeParamTest" time="0.004"/>
  <system-out><![CDATA[]]></system-out>
  <system-err><![CDATA[]]></system-err>
</testsuite>
