<?xml version="1.0" encoding="UTF-8"?>
<testsuite name="NewImage tests" tests="5" skipped="0" failures="0" errors="0" timestamp="2024-03-11T09:50:25" hostname="emre-XPS-15" time="0.021">
  <properties/>
  <testcase name="filled with White" classname="pixelitor.NewImageTest" time="0.017"/>
  <testcase name="filled with Black" classname="pixelitor.NewImageTest" time="0.0"/>
  <testcase name="filled with Transparent" classname="pixelitor.NewImageTest" time="0.0"/>
  <testcase name="filled with Foreground Color" classname="pixelitor.NewImageTest" time="0.001"/>
  <testcase name="filled with Background Color" classname="pixelitor.NewImageTest" time="0.0"/>
  <system-out><![CDATA[]]></system-out>
  <system-err><![CDATA[]]></system-err>
</testsuite>
