<?xml version="1.0" encoding="UTF-8"?>
<testsuite name="PixelitorUndoManager tests" tests="4" skipped="0" failures="0" errors="0" timestamp="2024-03-11T09:50:26" hostname="emre-XPS-15" time="0.037">
  <properties/>
  <testcase name="jumpingOneStepBySelection()" classname="pixelitor.history.PixelitorUndoManagerTest" time="0.008"/>
  <testcase name="jumpingTwoStepsBySelection()" classname="pixelitor.history.PixelitorUndoManagerTest" time="0.009"/>
  <testcase name="undoEverythingThenSelect()" classname="pixelitor.history.PixelitorUndoManagerTest" time="0.008"/>
  <testcase name="undoingAndRedoingEverythingAdjustsSelection()" classname="pixelitor.history.PixelitorUndoManagerTest" time="0.009"/>
  <system-out><![CDATA[]]></system-out>
  <system-err><![CDATA[]]></system-err>
</testsuite>
