<?xml version="1.0" encoding="UTF-8"?>
<testsuite name="TransformBox tests" tests="8" skipped="0" failures="0" errors="0" timestamp="2024-03-11T09:50:25" hostname="emre-XPS-15" time="0.13">
  <properties/>
  <testcase name="moveSEFromInitialState()" classname="pixelitor.tools.transform.TransformBoxTest" time="0.012"/>
  <testcase name="pureTranslation()" classname="pixelitor.tools.transform.TransformBoxTest" time="0.016"/>
  <testcase name="pureScaling()" classname="pixelitor.tools.transform.TransformBoxTest" time="0.011"/>
  <testcase name="calcAngleCursorOffset()" classname="pixelitor.tools.transform.TransformBoxTest" time="0.009"/>
  <testcase name="imageSpaceRotation()" classname="pixelitor.tools.transform.TransformBoxTest" time="0.015"/>
  <testcase name="moveNWFromInitialState()" classname="pixelitor.tools.transform.TransformBoxTest" time="0.011"/>
  <testcase name="cursorAfterTurnedInsideOut()" classname="pixelitor.tools.transform.TransformBoxTest" time="0.031"/>
  <testcase name="pureRotation()" classname="pixelitor.tools.transform.TransformBoxTest" time="0.014"/>
  <system-out><![CDATA[]]></system-out>
  <system-err><![CDATA[]]></system-err>
</testsuite>
